<?xml version="1.0" encoding="UTF-8"?>
<!-- Generated by org.testng.reporters.JUnitReportReporter -->
<testsuite hostname="DESKTOP-2SGRDL2" failures="0" tests="4" name="com.edureka.tests.TestMain" time="29.607" errors="0" timestamp="02 Sep 2018 08:12:17 GMT" skipped="0">
  <testcase classname="com.edureka.tests.TestMain" name="loginEdureka" time="3.558"/>
  <testcase classname="com.edureka.tests.TestMain" name="goToMyProfilePage" time="15.881"/>
  <testcase classname="com.edureka.tests.TestMain" name="editIconClick" time="0.353"/>
  <testcase classname="com.edureka.tests.TestMain" name="uploadPicture" time="9.815"/>
</testsuite> <!-- com.edureka.tests.TestMain -->
